<?xml version="1.0" encoding="UTF-8"?>
<!-- Generated by org.testng.reporters.JUnitXMLReporter -->
<testsuite hostname="Lino-PC" ignored="0" name="Test" tests="1" failures="1" timestamp="31 ago 2017 21:55:34 GMT" time="170.583" errors="0">
  <testcase name="captureScreenshot" time="0.392" classname="tests.NewTest">
    <failure type="org.junit.ComparisonFailure" message="expected:&amp;lt;[ERRO]&amp;gt; but was:&amp;lt;[Home-Selenium Webdriver Appium Complete Tutorial]&amp;gt;">
      <![CDATA[org.junit.ComparisonFailure: expected:<[ERRO]> but was:<[Home-Selenium Webdriver Appium Complete Tutorial]>
	at org.junit.Assert.assertEquals(Assert.java:115)
	at org.junit.Assert.assertEquals(Assert.java:144)
	at tests.NewTest.captureScreenshot(NewTest.java:44)
... Removed 28 stack frames]]>
    </failure>
  </testcase> <!-- captureScreenshot -->
</testsuite> <!-- Test -->
