<?xml version="1.0" encoding="UTF-8"?>
<testsuite xmlns:xsi="http://www.w3.org/2001/XMLSchema-instance" xsi:schemaLocation="https://maven.apache.org/surefire/maven-surefire-plugin/xsd/surefire-test-report.xsd" name="TestSuite" time="172.088" tests="1" errors="0" skipped="0" failures="1">
  <properties>
[...]
</properties>
  <testcase name="captureScreenshot" classname="tests.NewTest" time="0.535">
    <failure message="expected:&lt;[ERRO]&gt; but was:&lt;[Home-Selenium Webdriver Appium Complete Tutorial]&gt;" type="org.junit.ComparisonFailure"><![CDATA[org.junit.ComparisonFailure: expected:<[ERRO]> but was:<[Home-Selenium Webdriver Appium Complete Tutorial]>
	at tests.NewTest.captureScreenshot(NewTest.java:44)
]]></failure>
    <system-err><![CDATA[Starting ChromeDriver 2.31.488763 (092de99f48a300323ecf8c2a4e2e7cab51de5ba8) on port 29962
Only local connections are allowed.
ago 31, 2017 6:53:26 PM org.openqa.selenium.remote.ProtocolHandshake createSession
INFORMAÇÕES: Detected dialect: OSS
]]></system-err>
  </testcase>
</testsuite>