<?xml version="1.0" encoding="UTF-8"?>
<testng-results skipped="0" failed="1" ignored="0" total="1" passed="0">
  <reporter-output>
  </reporter-output>
  <suite name="Suite" duration-ms="170583" started-at="2017-08-31T21:52:44Z" finished-at="2017-08-31T21:55:34Z">
    <groups>
    </groups>
    <test name="Test" duration-ms="170583" started-at="2017-08-31T21:52:44Z" finished-at="2017-08-31T21:55:34Z">
      <class name="tests.NewTest">
        <test-method status="PASS" signature="setUpBeforeClass()[pri:0, instance:tests.NewTest@3567135c]" name="setUpBeforeClass" is-config="true" duration-ms="132162" started-at="2017-08-31T18:52:44Z" finished-at="2017-08-31T18:54:56Z">
          <reporter-output>
          </reporter-output>
        </test-method> <!-- setUpBeforeClass -->
        <test-method status="FAIL" signature="captureScreenshot()[pri:0, instance:tests.NewTest@3567135c]" name="captureScreenshot" duration-ms="392" started-at="2017-08-31T18:54:57Z" finished-at="2017-08-31T18:54:57Z">
          <exception class="org.junit.ComparisonFailure">
            <message>
              <![CDATA[expected:<[ERRO]> but was:<[Home-Selenium Webdriver Appium Complete Tutorial]>]]>
            </message>
            <full-stacktrace>
              <![CDATA[org.junit.ComparisonFailure: expected:<[ERRO]> but was:<[Home-Selenium Webdriver Appium Complete Tutorial]>
	at org.junit.Assert.assertEquals(Assert.java:115)
	at org.junit.Assert.assertEquals(Assert.java:144)
	at tests.NewTest.captureScreenshot(NewTest.java:44)
	at sun.reflect.NativeMethodAccessorImpl.invoke0(Native Method)
	at sun.reflect.NativeMethodAccessorImpl.invoke(NativeMethodAccessorImpl.java:62)
	at sun.reflect.DelegatingMethodAccessorImpl.invoke(DelegatingMethodAccessorImpl.java:43)
	at java.lang.reflect.Method.invoke(Method.java:498)
	at org.testng.internal.MethodInvocationHelper.invokeMethod(MethodInvocationHelper.java:108)
	at org.testng.internal.Invoker.invokeMethod(Invoker.java:661)
	at org.testng.internal.Invoker.invokeTestMethod(Invoker.java:869)
	at org.testng.internal.Invoker.invokeTestMethods(Invoker.java:1193)
	at org.testng.internal.TestMethodWorker.invokeTestMethods(TestMethodWorker.java:126)
	at org.testng.internal.TestMethodWorker.run(TestMethodWorker.java:109)
	at org.testng.TestRunner.privateRun(TestRunner.java:744)
	at org.testng.TestRunner.run(TestRunner.java:602)
	at org.testng.SuiteRunner.runTest(SuiteRunner.java:380)
	at org.testng.SuiteRunner.runSequentially(SuiteRunner.java:375)
	at org.testng.SuiteRunner.privateRun(SuiteRunner.java:340)
	at org.testng.SuiteRunner.run(SuiteRunner.java:289)
	at org.testng.SuiteRunnerWorker.runSuite(SuiteRunnerWorker.java:52)
	at org.testng.SuiteRunnerWorker.run(SuiteRunnerWorker.java:86)
	at org.testng.TestNG.runSuitesSequentially(TestNG.java:1301)
	at org.testng.TestNG.runSuitesLocally(TestNG.java:1226)
	at org.testng.TestNG.runSuites(TestNG.java:1144)
	at org.testng.TestNG.run(TestNG.java:1115)
	at org.apache.maven.surefire.testng.TestNGExecutor.run(TestNGExecutor.java:281)
	at org.apache.maven.surefire.testng.TestNGXmlTestSuite.execute(TestNGXmlTestSuite.java:75)
	at org.apache.maven.surefire.testng.TestNGProvider.invoke(TestNGProvider.java:121)
	at org.apache.maven.surefire.booter.ForkedBooter.invokeProviderInSameClassLoader(ForkedBooter.java:290)
	at org.apache.maven.surefire.booter.ForkedBooter.runSuitesInProcess(ForkedBooter.java:242)
	at org.apache.maven.surefire.booter.ForkedBooter.main(ForkedBooter.java:121)
]]>
            </full-stacktrace>
          </exception> <!-- org.junit.ComparisonFailure -->
          <reporter-output>
          </reporter-output>
        </test-method> <!-- captureScreenshot -->
        <test-method status="PASS" signature="getResult(org.testng.ITestResult)[pri:0, instance:tests.NewTest@3567135c]" name="getResult" is-config="true" duration-ms="4945" started-at="2017-08-31T18:54:57Z" finished-at="2017-08-31T18:55:02Z">
          <params>
            <param index="0">
              <value>
                <![CDATA[[TestResult name=captureScreenshot status=FAILURE method=NewTest.captureScreenshot()[pri:0, instance:tests.NewTest@3567135c] output={null}]]]>
              </value>
            </param>
          </params>
          <reporter-output>
          </reporter-output>
        </test-method> <!-- getResult -->
        <test-method status="PASS" signature="endReport()[pri:0, instance:tests.NewTest@3567135c]" name="endReport" is-config="true" duration-ms="31966" started-at="2017-08-31T18:55:02Z" finished-at="2017-08-31T18:55:34Z">
          <reporter-output>
          </reporter-output>
        </test-method> <!-- endReport -->
      </class> <!-- tests.NewTest -->
    </test> <!-- Test -->
  </suite> <!-- Suite -->
</testng-results>
